2025-05-28 16:43:40,570 - ClickBait_Models - INFO - Modelo seleccionado: 	 Modelo BERT Base en español
2025-05-28 16:43:40,570 - ClickBait_Models - INFO - Ruta del modelo: 	 dccuchile/bert-base-spanish-wwm-cased
2025-05-28 16:43:40,570 - ClickBait_Models - INFO - Cargando datos desde /home/servidor/Documentos/GitHub/Procesamiento-Lenguaje-Natural-7CM2/Practica_5/corpus/TA1C_dataset_detection_train.csv...
2025-05-28 16:43:40,595 - ClickBait_Models - INFO - Dataset cargado con 2800 muestras, 2 clases.
2025-05-28 16:43:40,595 - ClickBait_Models - INFO - Clases: ['Clickbait' 'No']
2025-05-28 16:43:40,595 - ClickBait_Models - INFO - Tokenizando los textos....
2025-05-28 16:43:40,597 - urllib3.connectionpool - DEBUG - Starting new HTTPS connection (1): huggingface.co:443
2025-05-28 16:45:01,172 - urllib3.connectionpool - DEBUG - https://huggingface.co:443 "HEAD /dccuchile/bert-base-spanish-wwm-cased/resolve/main/tokenizer_config.json HTTP/1.1" 200 0
2025-05-28 16:45:01,382 - urllib3.connectionpool - DEBUG - https://huggingface.co:443 "GET /api/models/dccuchile/bert-base-spanish-wwm-cased/tree/main/additional_chat_templates?recursive=False&expand=False HTTP/1.1" 404 64
2025-05-28 19:03:45,813 - ClickBait_Models - INFO - Iniciando el entrenamiento para el modelo bert ...
2025-05-28 19:03:45,813 - ClickBait_Models - INFO - Modelo seleccionado: 	 Modelo BERT Base en español
2025-05-28 19:03:45,813 - ClickBait_Models - INFO - Ruta del modelo: 	 dccuchile/bert-base-spanish-wwm-cased
2025-05-28 19:03:45,813 - ClickBait_Models - INFO - Cargando datos desde /home/servidor/Documentos/GitHub/Procesamiento-Lenguaje-Natural-7CM2/Practica_5/corpus/TA1C_dataset_detection_train.csv...
2025-05-28 19:03:45,836 - ClickBait_Models - INFO - Dataset cargado con 2800 muestras, 2 clases.
2025-05-28 19:03:45,836 - ClickBait_Models - INFO - Clases: ['Clickbait' 'No']
2025-05-28 19:03:45,836 - ClickBait_Models - INFO - Dividiendo el dataset para el conjunto de entrenamiento...
2025-05-28 19:03:45,839 - ClickBait_Models - INFO - Dividiendo el dataset para el conjunto de validacion... 
2025-05-28 19:03:45,841 - ClickBait_Models - INFO - Tamanio de los conjuntos antes de la primera particion:
2025-05-28 19:03:45,841 - ClickBait_Models - INFO - Conjunto de entrenamiento: 2240
2025-05-28 19:03:45,841 - ClickBait_Models - INFO - Conjunto de validacion: 560
2025-05-28 19:03:45,841 - ClickBait_Models - INFO - Conjunto de prueba: 560
2025-05-28 19:03:45,842 - ClickBait_Models - INFO - Codificando las etiquetas...
2025-05-28 19:03:45,843 - ClickBait_Models - INFO - Mapeo de etiquetas: ['Clickbait' 'No']
2025-05-28 19:03:45,843 - ClickBait_Models - INFO - Tokenizando los textos....
2025-05-28 19:04:46,474 - ClickBait_Models - INFO - Iniciando el entrenamiento para el modelo bert ...
2025-05-28 19:04:46,474 - ClickBait_Models - INFO - Modelo seleccionado: 	 Modelo BERT Base en español
2025-05-28 19:04:46,474 - ClickBait_Models - INFO - Ruta del modelo: 	 dccuchile/bert-base-spanish-wwm-cased
2025-05-28 19:04:46,474 - ClickBait_Models - INFO - Cargando datos desde /home/servidor/Documentos/GitHub/Procesamiento-Lenguaje-Natural-7CM2/Practica_5/corpus/TA1C_dataset_detection_train.csv...
2025-05-28 19:04:46,497 - ClickBait_Models - INFO - Dataset cargado con 2800 muestras, 2 clases.
2025-05-28 19:04:46,497 - ClickBait_Models - INFO - Clases: ['Clickbait' 'No']
2025-05-28 19:04:46,497 - ClickBait_Models - INFO - Dividiendo el dataset para el conjunto de entrenamiento...
2025-05-28 19:04:46,500 - ClickBait_Models - INFO - Dividiendo el dataset para el conjunto de validacion... 
2025-05-28 19:04:46,502 - ClickBait_Models - INFO - Tamanio de los conjuntos antes de la primera particion:
2025-05-28 19:04:46,502 - ClickBait_Models - INFO - Conjunto de entrenamiento: 2240
2025-05-28 19:04:46,502 - ClickBait_Models - INFO - Conjunto de validacion: 560
2025-05-28 19:04:46,502 - ClickBait_Models - INFO - Conjunto de prueba: 560
2025-05-28 19:04:46,502 - ClickBait_Models - INFO - Codificando las etiquetas...
2025-05-28 19:04:46,504 - ClickBait_Models - INFO - Mapeo de etiquetas: ['Clickbait' 'No']
2025-05-28 19:04:46,504 - ClickBait_Models - INFO - Tokenizando los textos....
2025-05-28 19:05:02,904 - ClickBait_Models - INFO - Iniciando el entrenamiento para el modelo bert ...
2025-05-28 19:05:02,904 - ClickBait_Models - INFO - Modelo seleccionado: 	 Modelo BERT Base en español
2025-05-28 19:05:02,904 - ClickBait_Models - INFO - Ruta del modelo: 	 dccuchile/bert-base-spanish-wwm-cased
2025-05-28 19:05:02,904 - ClickBait_Models - INFO - Cargando datos desde /home/servidor/Documentos/GitHub/Procesamiento-Lenguaje-Natural-7CM2/Practica_5/corpus/TA1C_dataset_detection_train.csv...
2025-05-28 19:05:02,927 - ClickBait_Models - INFO - Dataset cargado con 2800 muestras, 2 clases.
2025-05-28 19:05:02,927 - ClickBait_Models - INFO - Clases: ['Clickbait' 'No']
2025-05-28 19:05:02,927 - ClickBait_Models - INFO - Dividiendo el dataset para el conjunto de entrenamiento...
2025-05-28 19:05:02,930 - ClickBait_Models - INFO - Dividiendo el dataset para el conjunto de validacion... 
2025-05-28 19:05:02,932 - ClickBait_Models - INFO - Tamanio de los conjuntos antes de la primera particion:
2025-05-28 19:05:02,932 - ClickBait_Models - INFO - Conjunto de entrenamiento: 2240
2025-05-28 19:05:02,932 - ClickBait_Models - INFO - Conjunto de validacion: 560
2025-05-28 19:05:02,932 - ClickBait_Models - INFO - Conjunto de prueba: 560
2025-05-28 19:05:02,932 - ClickBait_Models - INFO - Codificando las etiquetas...
2025-05-28 19:05:02,934 - ClickBait_Models - INFO - Mapeo de etiquetas: ['Clickbait' 'No']
2025-05-28 19:05:02,934 - ClickBait_Models - INFO - Tokenizando los textos....
2025-05-28 19:05:33,703 - ClickBait_Models - INFO - Iniciando el entrenamiento para el modelo bert ...
2025-05-28 19:05:33,703 - ClickBait_Models - INFO - Modelo seleccionado: 	 Modelo BERT Base en español
2025-05-28 19:05:33,703 - ClickBait_Models - INFO - Ruta del modelo: 	 dccuchile/bert-base-spanish-wwm-cased
2025-05-28 19:05:33,703 - ClickBait_Models - INFO - Cargando datos desde /home/servidor/Documentos/GitHub/Procesamiento-Lenguaje-Natural-7CM2/Practica_5/corpus/TA1C_dataset_detection_train.csv...
2025-05-28 19:05:33,726 - ClickBait_Models - INFO - Dataset cargado con 2800 muestras, 2 clases.
2025-05-28 19:05:33,727 - ClickBait_Models - INFO - Clases: ['Clickbait' 'No']
2025-05-28 19:05:33,727 - ClickBait_Models - INFO - Dividiendo el dataset para el conjunto de entrenamiento...
2025-05-28 19:05:33,729 - ClickBait_Models - INFO - Dividiendo el dataset para el conjunto de validacion... 
2025-05-28 19:05:33,731 - ClickBait_Models - INFO - Tamanio de los conjuntos antes de la primera particion:
2025-05-28 19:05:33,732 - ClickBait_Models - INFO - Conjunto de entrenamiento: 2240
2025-05-28 19:05:33,732 - ClickBait_Models - INFO - Conjunto de validacion: 560
2025-05-28 19:05:33,732 - ClickBait_Models - INFO - Conjunto de prueba: 560
2025-05-28 19:05:33,732 - ClickBait_Models - INFO - Codificando las etiquetas...
2025-05-28 19:05:33,733 - ClickBait_Models - INFO - Mapeo de etiquetas: ['Clickbait' 'No']
2025-05-28 19:05:33,733 - ClickBait_Models - INFO - Tokenizando los textos....
2025-05-28 19:05:33,733 - ClickBait_Models - INFO - Configurando a BertTokenizer...
2025-05-28 19:05:33,734 - urllib3.connectionpool - DEBUG - Starting new HTTPS connection (1): huggingface.co:443
2025-05-28 19:05:52,091 - ClickBait_Models - INFO - Iniciando el entrenamiento para el modelo bert ...
2025-05-28 19:05:52,091 - ClickBait_Models - INFO - Modelo seleccionado: 	 Modelo BERT Base en español
2025-05-28 19:05:52,091 - ClickBait_Models - INFO - Ruta del modelo: 	 dccuchile/bert-base-spanish-wwm-cased
2025-05-28 19:05:52,091 - ClickBait_Models - INFO - Cargando datos desde /home/servidor/Documentos/GitHub/Procesamiento-Lenguaje-Natural-7CM2/Practica_5/corpus/TA1C_dataset_detection_train.csv...
2025-05-28 19:05:52,114 - ClickBait_Models - INFO - Dataset cargado con 2800 muestras, 2 clases.
2025-05-28 19:05:52,114 - ClickBait_Models - INFO - Clases: ['Clickbait' 'No']
2025-05-28 19:05:52,114 - ClickBait_Models - INFO - Dividiendo el dataset para el conjunto de entrenamiento...
2025-05-28 19:05:52,117 - ClickBait_Models - INFO - Dividiendo el dataset para el conjunto de validacion... 
2025-05-28 19:05:52,119 - ClickBait_Models - INFO - Tamanio de los conjuntos antes de la primera particion:
2025-05-28 19:05:52,119 - ClickBait_Models - INFO - Conjunto de entrenamiento: 2240
2025-05-28 19:05:52,119 - ClickBait_Models - INFO - Conjunto de validacion: 560
2025-05-28 19:05:52,119 - ClickBait_Models - INFO - Conjunto de prueba: 560
2025-05-28 19:05:52,119 - ClickBait_Models - INFO - Codificando las etiquetas...
2025-05-28 19:05:52,120 - ClickBait_Models - INFO - Mapeo de etiquetas: ['Clickbait' 'No']
2025-05-28 19:05:52,120 - ClickBait_Models - INFO - Tokenizando los textos....
2025-05-28 19:05:52,120 - ClickBait_Models - INFO - Configurando a BertTokenizer...
2025-05-28 19:05:52,122 - urllib3.connectionpool - DEBUG - Starting new HTTPS connection (1): huggingface.co:443
2025-05-28 19:07:12,399 - urllib3.connectionpool - DEBUG - https://huggingface.co:443 "HEAD /dccuchile/bert-base-spanish-wwm-cased/resolve/main/tokenizer_config.json HTTP/1.1" 200 0
2025-05-28 19:07:12,487 - urllib3.connectionpool - DEBUG - https://huggingface.co:443 "GET /api/models/dccuchile/bert-base-spanish-wwm-cased/tree/main/additional_chat_templates?recursive=False&expand=False HTTP/1.1" 404 64
2025-05-28 19:07:12,531 - ClickBait_Models - INFO - Tokenizador configurado: None
2025-05-28 19:07:12,531 - ClickBait_Models - INFO - Tokenizando el conjunto de entrenamiento...
2025-05-28 19:07:13,359 - ClickBait_Models - INFO - Tokenizando conjunto de validacion...
2025-05-28 19:07:13,565 - ClickBait_Models - INFO - Tokenizando conjunto de prueba...
2025-05-28 19:08:05,227 - ClickBait_Models - INFO - Iniciando el entrenamiento para el modelo bert ...
2025-05-28 19:08:05,227 - ClickBait_Models - INFO - Modelo seleccionado: 	 Modelo BERT Base en español
2025-05-28 19:08:05,227 - ClickBait_Models - INFO - Ruta del modelo: 	 dccuchile/bert-base-spanish-wwm-cased
2025-05-28 19:08:05,227 - ClickBait_Models - INFO - Cargando datos desde /home/servidor/Documentos/GitHub/Procesamiento-Lenguaje-Natural-7CM2/Practica_5/corpus/TA1C_dataset_detection_train.csv...
2025-05-28 19:08:05,250 - ClickBait_Models - INFO - Dataset cargado con 2800 muestras, 2 clases.
2025-05-28 19:08:05,251 - ClickBait_Models - INFO - Clases: ['Clickbait' 'No']
2025-05-28 19:08:05,251 - ClickBait_Models - INFO - Dividiendo el dataset para el conjunto de entrenamiento...
2025-05-28 19:08:05,253 - ClickBait_Models - INFO - Dividiendo el dataset para el conjunto de validacion... 
2025-05-28 19:08:05,256 - ClickBait_Models - INFO - Tamanio de los conjuntos antes de la primera particion:
2025-05-28 19:08:05,256 - ClickBait_Models - INFO - Conjunto de entrenamiento: 2240
2025-05-28 19:08:05,256 - ClickBait_Models - INFO - Conjunto de validacion: 560
2025-05-28 19:08:05,256 - ClickBait_Models - INFO - Conjunto de prueba: 560
2025-05-28 19:08:05,256 - ClickBait_Models - INFO - Codificando las etiquetas...
2025-05-28 19:08:05,257 - ClickBait_Models - INFO - Mapeo de etiquetas: ['Clickbait' 'No']
2025-05-28 19:08:05,257 - ClickBait_Models - INFO - Tokenizando los textos....
2025-05-28 19:08:05,257 - ClickBait_Models - INFO - Configurando a BertTokenizer...
2025-05-28 19:08:05,259 - urllib3.connectionpool - DEBUG - Starting new HTTPS connection (1): huggingface.co:443
2025-05-28 19:09:25,602 - urllib3.connectionpool - DEBUG - https://huggingface.co:443 "HEAD /dccuchile/bert-base-spanish-wwm-cased/resolve/main/tokenizer_config.json HTTP/1.1" 200 0
2025-05-28 19:09:25,698 - urllib3.connectionpool - DEBUG - https://huggingface.co:443 "GET /api/models/dccuchile/bert-base-spanish-wwm-cased/tree/main/additional_chat_templates?recursive=False&expand=False HTTP/1.1" 404 64
2025-05-28 19:09:25,742 - ClickBait_Models - INFO - Tokenizador configurado: None
2025-05-28 19:09:25,742 - ClickBait_Models - INFO - Tokenizando el conjunto de entrenamiento...
2025-05-28 19:09:26,576 - ClickBait_Models - INFO - Tokenizando conjunto de validacion...
2025-05-28 19:09:26,791 - ClickBait_Models - INFO - Tokenizando conjunto de prueba...
2025-05-28 19:09:27,001 - ClickBait_Models - INFO - Definiendo los parametros para el entrenamiento del modelo...
2025-05-28 19:09:27,104 - urllib3.connectionpool - DEBUG - https://huggingface.co:443 "HEAD /dccuchile/bert-base-spanish-wwm-cased/resolve/main/config.json HTTP/1.1" 200 0
2025-05-28 19:09:27,227 - urllib3.connectionpool - DEBUG - https://huggingface.co:443 "HEAD /dccuchile/bert-base-spanish-wwm-cased/resolve/main/config.json HTTP/1.1" 200 0
2025-05-28 19:09:27,319 - urllib3.connectionpool - DEBUG - https://huggingface.co:443 "HEAD /dccuchile/bert-base-spanish-wwm-cased/resolve/main/model.safetensors HTTP/1.1" 404 0
2025-05-28 19:09:27,320 - ClickBait_Models - ERROR - Error al generar el modelo: BertForSequenceClassification.__init__() takes 2 positional arguments but 3 were given
2025-05-28 19:09:27,321 - urllib3.connectionpool - DEBUG - Starting new HTTPS connection (1): huggingface.co:443
2025-05-28 19:12:15,887 - ClickBait_Models - INFO - Iniciando el entrenamiento para el modelo bert ...
2025-05-28 19:12:15,887 - ClickBait_Models - INFO - Modelo seleccionado: 	 Modelo BERT Base en español
2025-05-28 19:12:15,887 - ClickBait_Models - INFO - Ruta del modelo: 	 dccuchile/bert-base-spanish-wwm-cased
2025-05-28 19:12:15,887 - ClickBait_Models - INFO - Cargando datos desde /home/servidor/Documentos/GitHub/Procesamiento-Lenguaje-Natural-7CM2/Practica_5/corpus/TA1C_dataset_detection_train.csv...
2025-05-28 19:12:15,910 - ClickBait_Models - INFO - Dataset cargado con 2800 muestras, 2 clases.
2025-05-28 19:12:15,910 - ClickBait_Models - INFO - Clases: ['Clickbait' 'No']
2025-05-28 19:12:15,910 - ClickBait_Models - INFO - Dividiendo el dataset para el conjunto de entrenamiento...
2025-05-28 19:12:15,913 - ClickBait_Models - INFO - Dividiendo el dataset para el conjunto de validacion... 
2025-05-28 19:12:15,915 - ClickBait_Models - INFO - Tamanio de los conjuntos antes de la primera particion:
2025-05-28 19:12:15,915 - ClickBait_Models - INFO - Conjunto de entrenamiento: 2240
2025-05-28 19:12:15,915 - ClickBait_Models - INFO - Conjunto de validacion: 560
2025-05-28 19:12:15,915 - ClickBait_Models - INFO - Conjunto de prueba: 560
2025-05-28 19:12:15,915 - ClickBait_Models - INFO - Codificando las etiquetas...
2025-05-28 19:12:15,917 - ClickBait_Models - INFO - Mapeo de etiquetas: ['Clickbait' 'No']
2025-05-28 19:12:15,917 - ClickBait_Models - INFO - Tokenizando los textos....
2025-05-28 19:12:15,917 - ClickBait_Models - INFO - Configurando a BertTokenizer...
2025-05-28 19:12:15,918 - urllib3.connectionpool - DEBUG - Starting new HTTPS connection (1): huggingface.co:443
2025-05-28 19:13:36,269 - urllib3.connectionpool - DEBUG - https://huggingface.co:443 "HEAD /dccuchile/bert-base-spanish-wwm-cased/resolve/main/tokenizer_config.json HTTP/1.1" 200 0
2025-05-28 19:13:36,398 - urllib3.connectionpool - DEBUG - https://huggingface.co:443 "GET /api/models/dccuchile/bert-base-spanish-wwm-cased/tree/main/additional_chat_templates?recursive=False&expand=False HTTP/1.1" 404 64
2025-05-28 19:13:36,441 - ClickBait_Models - INFO - Tokenizador configurado: BertTokenizer(name_or_path='dccuchile/bert-base-spanish-wwm-cased', vocab_size=31002, model_max_length=512, is_fast=False, padding_side='right', truncation_side='right', special_tokens={'unk_token': '[UNK]', 'sep_token': '[SEP]', 'pad_token': '[PAD]', 'cls_token': '[CLS]', 'mask_token': '[MASK]'}, clean_up_tokenization_spaces=True, added_tokens_decoder={
	0: AddedToken("[MASK]", rstrip=False, lstrip=False, single_word=False, normalized=False, special=True),
	1: AddedToken("[PAD]", rstrip=False, lstrip=False, single_word=False, normalized=False, special=True),
	3: AddedToken("[UNK]", rstrip=False, lstrip=False, single_word=False, normalized=False, special=True),
	4: AddedToken("[CLS]", rstrip=False, lstrip=False, single_word=False, normalized=False, special=True),
	5: AddedToken("[SEP]", rstrip=False, lstrip=False, single_word=False, normalized=False, special=True),
}
)
2025-05-28 19:13:36,441 - ClickBait_Models - INFO - Tokenizando el conjunto de entrenamiento...
2025-05-28 19:13:37,267 - ClickBait_Models - INFO - Tokenizando conjunto de validacion...
2025-05-28 19:13:37,474 - ClickBait_Models - INFO - Tokenizando conjunto de prueba...
2025-05-28 19:13:37,680 - ClickBait_Models - INFO - Definiendo los parametros para el entrenamiento del modelo...
2025-05-28 19:13:37,808 - urllib3.connectionpool - DEBUG - https://huggingface.co:443 "HEAD /dccuchile/bert-base-spanish-wwm-cased/resolve/main/config.json HTTP/1.1" 200 0
2025-05-28 19:13:38,047 - urllib3.connectionpool - DEBUG - https://huggingface.co:443 "HEAD /dccuchile/bert-base-spanish-wwm-cased/resolve/main/config.json HTTP/1.1" 200 0
2025-05-28 19:13:38,144 - urllib3.connectionpool - DEBUG - https://huggingface.co:443 "HEAD /dccuchile/bert-base-spanish-wwm-cased/resolve/main/model.safetensors HTTP/1.1" 404 0
2025-05-28 19:13:38,146 - urllib3.connectionpool - DEBUG - Starting new HTTPS connection (1): huggingface.co:443
2025-05-28 19:13:38,146 - ClickBait_Models - ERROR - Error al generar el modelo: BertForSequenceClassification.__init__() takes 2 positional arguments but 3 were given
2025-05-28 19:18:30,630 - ClickBait_Models - INFO - Iniciando el entrenamiento para el modelo bert ...
2025-05-28 19:18:30,630 - ClickBait_Models - INFO - Modelo seleccionado: 	 Modelo BERT Base en español
2025-05-28 19:18:30,631 - ClickBait_Models - INFO - Ruta del modelo: 	 dccuchile/bert-base-spanish-wwm-cased
2025-05-28 19:18:30,631 - ClickBait_Models - INFO - Cargando datos desde /home/servidor/Documentos/GitHub/Procesamiento-Lenguaje-Natural-7CM2/Practica_5/corpus/TA1C_dataset_detection_train.csv...
2025-05-28 19:18:30,654 - ClickBait_Models - INFO - Dataset cargado con 2800 muestras, 2 clases.
2025-05-28 19:18:30,654 - ClickBait_Models - INFO - Clases: ['Clickbait' 'No']
2025-05-28 19:18:30,654 - ClickBait_Models - INFO - Dividiendo el dataset para el conjunto de entrenamiento...
2025-05-28 19:18:30,657 - ClickBait_Models - INFO - Dividiendo el dataset para el conjunto de validacion... 
2025-05-28 19:18:30,659 - ClickBait_Models - INFO - Tamanio de los conjuntos antes de la primera particion:
2025-05-28 19:18:30,659 - ClickBait_Models - INFO - Conjunto de entrenamiento: 2240
2025-05-28 19:18:30,659 - ClickBait_Models - INFO - Conjunto de validacion: 560
2025-05-28 19:18:30,659 - ClickBait_Models - INFO - Conjunto de prueba: 560
2025-05-28 19:18:30,659 - ClickBait_Models - INFO - Codificando las etiquetas...
2025-05-28 19:18:30,661 - ClickBait_Models - INFO - Mapeo de etiquetas: ['Clickbait' 'No']
2025-05-28 19:18:30,661 - ClickBait_Models - INFO - Tokenizando los textos....
2025-05-28 19:18:30,661 - ClickBait_Models - INFO - Configurando a BertTokenizer...
2025-05-28 19:18:30,662 - urllib3.connectionpool - DEBUG - Starting new HTTPS connection (1): huggingface.co:443
2025-05-28 19:19:51,112 - urllib3.connectionpool - DEBUG - https://huggingface.co:443 "HEAD /dccuchile/bert-base-spanish-wwm-cased/resolve/main/tokenizer_config.json HTTP/1.1" 200 0
2025-05-28 19:19:51,333 - urllib3.connectionpool - DEBUG - https://huggingface.co:443 "GET /api/models/dccuchile/bert-base-spanish-wwm-cased/tree/main/additional_chat_templates?recursive=False&expand=False HTTP/1.1" 404 64
2025-05-28 19:19:51,376 - ClickBait_Models - INFO - Tokenizador configurado: BertTokenizer(name_or_path='dccuchile/bert-base-spanish-wwm-cased', vocab_size=31002, model_max_length=512, is_fast=False, padding_side='right', truncation_side='right', special_tokens={'unk_token': '[UNK]', 'sep_token': '[SEP]', 'pad_token': '[PAD]', 'cls_token': '[CLS]', 'mask_token': '[MASK]'}, clean_up_tokenization_spaces=True, added_tokens_decoder={
	0: AddedToken("[MASK]", rstrip=False, lstrip=False, single_word=False, normalized=False, special=True),
	1: AddedToken("[PAD]", rstrip=False, lstrip=False, single_word=False, normalized=False, special=True),
	3: AddedToken("[UNK]", rstrip=False, lstrip=False, single_word=False, normalized=False, special=True),
	4: AddedToken("[CLS]", rstrip=False, lstrip=False, single_word=False, normalized=False, special=True),
	5: AddedToken("[SEP]", rstrip=False, lstrip=False, single_word=False, normalized=False, special=True),
}
)
2025-05-28 19:19:51,376 - ClickBait_Models - INFO - Tokenizando el conjunto de entrenamiento...
2025-05-28 19:19:52,206 - ClickBait_Models - INFO - Tokenizando conjunto de validacion...
2025-05-28 19:19:52,414 - ClickBait_Models - INFO - Tokenizando conjunto de prueba...
2025-05-28 19:19:52,622 - ClickBait_Models - INFO - Definiendo los parametros para el entrenamiento del modelo...
2025-05-28 19:19:52,841 - urllib3.connectionpool - DEBUG - https://huggingface.co:443 "HEAD /dccuchile/bert-base-spanish-wwm-cased/resolve/main/config.json HTTP/1.1" 200 0
2025-05-28 19:19:52,940 - urllib3.connectionpool - DEBUG - https://huggingface.co:443 "HEAD /dccuchile/bert-base-spanish-wwm-cased/resolve/main/config.json HTTP/1.1" 200 0
2025-05-28 19:19:53,027 - urllib3.connectionpool - DEBUG - https://huggingface.co:443 "HEAD /dccuchile/bert-base-spanish-wwm-cased/resolve/main/model.safetensors HTTP/1.1" 404 0
2025-05-28 19:19:53,028 - urllib3.connectionpool - DEBUG - Starting new HTTPS connection (1): huggingface.co:443
2025-05-28 19:19:53,242 - ClickBait_Models - INFO - Configurando el entrenamiento del modelo...
2025-05-28 19:19:53,289 - ClickBait_Models - INFO - Comenzando el entrenamiento del modelo...
